<?xml version="1.0" encoding="UTF-8"?>
<!-- Generated by org.testng.reporters.JUnitXMLReporter -->
<testsuite hostname="C02XJPESJG5H" ignored="0" tests="4" failures="0" timestamp="2020-09-01T19:08:36 IST" time="12.051" errors="0">
  <testcase name="prepareHotCoffeeAndBlackTea" time="3.01" classname="JavaTestngTestCases"/>
  <testcase name="prepareHotTeaAndBlackTea" time="3.003" classname="JavaTestngTestCases"/>
  <testcase name="prepareHotTeaAndHotCoffee" time="3.004" classname="JavaTestngTestCases"/>
  <testcase name="simulateMoreThanOneRequestToAnOutlet" time="3.004" classname="JavaTestngTestCases"/>
</testsuite>
